<?xml version="1.0" encoding="UTF-8"?>
<!-- Generated by org.testng.reporters.JUnitXMLReporter -->
<testsuite hostname="user-PC" name="signin" tests="1" failures="1" timestamp="12 Feb 2020 22:29:55 GMT" time="28.157" errors="0">
  <testcase name="selectProduct" time="5.096" classname="testCases.TC3_AddProduct">
    <failure type="java.lang.NullPointerException">
      <![CDATA[java.lang.NullPointerException
	at java.util.Objects.requireNonNull(Objects.java:203)
	at org.openqa.selenium.interactions.Actions.<init>(Actions.java:65)
	at pageObject.AddProduct.<init>(AddProduct.java:16)
	at testCases.TC3_AddProduct.selectProduct(TC3_AddProduct.java:35)
... Removed 24 stack frames]]>
    </failure>
  </testcase> <!-- selectProduct -->
</testsuite> <!-- signin -->
